<?xml version="1.0" encoding="UTF-8"?>
<robot generator="Robot 2.8.7 (Python 3.4.3 on win32)" generated="20150721 10:01:25.875">
<suite name="Group Scenarios" id="s1" source="C:\Devel\python_training\rf\group_scenarios.robot">
<kw type="setup" name="rf.AddressBook.Init Fixtures">
<doc></doc>
<arguments>
</arguments>
<status starttime="20150721 10:01:26.040" endtime="20150721 10:01:32.099" status="PASS"></status>
</kw>
<test name="Add new group" id="s1-t1">
<kw type="kw" name="${old_list} = rf.AddressBook.Get Group List">
<doc></doc>
<arguments>
</arguments>
<msg timestamp="20150721 10:01:32.101" level="INFO">${old_list} = [351:name_mod:header_mod:footer_mod]</msg>
<status starttime="20150721 10:01:32.100" endtime="20150721 10:01:32.101" status="PASS"></status>
</kw>
<kw type="kw" name="${group} = rf.AddressBook.New Group">
<doc></doc>
<arguments>
<arg>name1</arg>
<arg>header1</arg>
<arg>footer1</arg>
</arguments>
<msg timestamp="20150721 10:01:32.102" level="INFO">${group} = None:name1:header1:footer1</msg>
<status starttime="20150721 10:01:32.101" endtime="20150721 10:01:32.102" status="PASS"></status>
</kw>
<kw type="kw" name="rf.AddressBook.Create Group">
<doc></doc>
<arguments>
<arg>${group}</arg>
</arguments>
<status starttime="20150721 10:01:32.102" endtime="20150721 10:01:35.204" status="PASS"></status>
</kw>
<kw type="kw" name="${new_list} = rf.AddressBook.Get Group List">
<doc></doc>
<arguments>
</arguments>
<msg timestamp="20150721 10:01:35.206" level="INFO">${new_list} = [351:name_mod:header_mod:footer_mod, 352:name1:header1:footer1]</msg>
<status starttime="20150721 10:01:35.205" endtime="20150721 10:01:35.206" status="PASS"></status>
</kw>
<kw type="kw" name="Collections.Append To List">
<doc>Adds `values` to the end of `list`.</doc>
<arguments>
<arg>${old_list}</arg>
<arg>${group}</arg>
</arguments>
<status starttime="20150721 10:01:35.208" endtime="20150721 10:01:35.209" status="PASS"></status>
</kw>
<kw type="kw" name="rf.AddressBook.Group Lists Should Be Equal">
<doc></doc>
<arguments>
<arg>${new_list}</arg>
<arg>${old_list}</arg>
</arguments>
<status starttime="20150721 10:01:35.209" endtime="20150721 10:01:35.210" status="PASS"></status>
</kw>
<doc></doc>
<tags>
</tags>
<status starttime="20150721 10:01:32.099" endtime="20150721 10:01:35.210" critical="yes" status="PASS"></status>
</test>
<test name="Delete group" id="s1-t2">
<kw type="kw" name="${old_list} = rf.AddressBook.Get Group List">
<doc></doc>
<arguments>
</arguments>
<msg timestamp="20150721 10:01:35.218" level="INFO">${old_list} = [351:name_mod:header_mod:footer_mod, 352:name1:header1:footer1]</msg>
<status starttime="20150721 10:01:35.213" endtime="20150721 10:01:35.218" status="PASS"></status>
</kw>
<kw type="kw" name="${len} = BuiltIn.Get Length">
<doc>Returns and logs the length of the given item.</doc>
<arguments>
<arg>${old_list}</arg>
</arguments>
<msg timestamp="20150721 10:01:35.219" level="INFO">Length is 2</msg>
<msg timestamp="20150721 10:01:35.219" level="INFO">${len} = 2</msg>
<status starttime="20150721 10:01:35.219" endtime="20150721 10:01:35.219" status="PASS"></status>
</kw>
<kw type="kw" name="${index} = BuiltIn.Evaluate">
<doc>Evaluates the given expression in Python and returns the results.</doc>
<arguments>
<arg>random.randrange(${len})</arg>
<arg>random</arg>
</arguments>
<msg timestamp="20150721 10:01:35.222" level="INFO">${index} = 1</msg>
<status starttime="20150721 10:01:35.220" endtime="20150721 10:01:35.221" status="PASS"></status>
</kw>
<kw type="kw" name="${group} = Collections.Get From List">
<doc>Returns the value specified with an `index` from `list`.</doc>
<arguments>
<arg>${old_list}</arg>
<arg>${index}</arg>
</arguments>
<msg timestamp="20150721 10:01:35.223" level="INFO">${group} = 352:name1:header1:footer1</msg>
<status starttime="20150721 10:01:35.222" endtime="20150721 10:01:35.223" status="PASS"></status>
</kw>
<kw type="kw" name="rf.AddressBook.Delete Group">
<doc></doc>
<arguments>
<arg>${group}</arg>
</arguments>
<status starttime="20150721 10:01:35.223" endtime="20150721 10:01:36.236" status="PASS"></status>
</kw>
<kw type="kw" name="${new_list} = rf.AddressBook.Get Group List">
<doc></doc>
<arguments>
</arguments>
<msg timestamp="20150721 10:01:36.238" level="INFO">${new_list} = [351:name_mod:header_mod:footer_mod]</msg>
<status starttime="20150721 10:01:36.237" endtime="20150721 10:01:36.238" status="PASS"></status>
</kw>
<kw type="kw" name="Collections.Remove Values From List">
<doc>Removes all occurences of given `values` from `list`.</doc>
<arguments>
<arg>${old_list}</arg>
<arg>${group}</arg>
</arguments>
<status starttime="20150721 10:01:36.239" endtime="20150721 10:01:36.239" status="PASS"></status>
</kw>
<kw type="kw" name="rf.AddressBook.Group Lists Should Be Equal">
<doc></doc>
<arguments>
<arg>${new_list}</arg>
<arg>${old_list}</arg>
</arguments>
<status starttime="20150721 10:01:36.239" endtime="20150721 10:01:36.239" status="PASS"></status>
</kw>
<doc></doc>
<tags>
</tags>
<status starttime="20150721 10:01:35.211" endtime="20150721 10:01:36.240" critical="yes" status="PASS"></status>
</test>
<test name="Modify group" id="s1-t3">
<kw type="kw" name="${old_list} = rf.AddressBook.Get Group List">
<doc></doc>
<arguments>
</arguments>
<msg timestamp="20150721 10:01:36.242" level="INFO">${old_list} = [351:name_mod:header_mod:footer_mod]</msg>
<status starttime="20150721 10:01:36.241" endtime="20150721 10:01:36.242" status="PASS"></status>
</kw>
<kw type="kw" name="${len} = BuiltIn.Get Length">
<doc>Returns and logs the length of the given item.</doc>
<arguments>
<arg>${old_list}</arg>
</arguments>
<msg timestamp="20150721 10:01:36.243" level="INFO">Length is 1</msg>
<msg timestamp="20150721 10:01:36.243" level="INFO">${len} = 1</msg>
<status starttime="20150721 10:01:36.242" endtime="20150721 10:01:36.243" status="PASS"></status>
</kw>
<kw type="kw" name="${index} = BuiltIn.Evaluate">
<doc>Evaluates the given expression in Python and returns the results.</doc>
<arguments>
<arg>random.randrange(${len})</arg>
<arg>random</arg>
</arguments>
<msg timestamp="20150721 10:01:36.243" level="INFO">${index} = 0</msg>
<status starttime="20150721 10:01:36.243" endtime="20150721 10:01:36.243" status="PASS"></status>
</kw>
<kw type="kw" name="${source_group} = Collections.Get From List">
<doc>Returns the value specified with an `index` from `list`.</doc>
<arguments>
<arg>${old_list}</arg>
<arg>${index}</arg>
</arguments>
<msg timestamp="20150721 10:01:36.244" level="INFO">${source_group} = 351:name_mod:header_mod:footer_mod</msg>
<status starttime="20150721 10:01:36.243" endtime="20150721 10:01:36.244" status="PASS"></status>
</kw>
<kw type="kw" name="${new_data_group} = rf.AddressBook.New Group">
<doc></doc>
<arguments>
<arg>name_mod</arg>
<arg>header_mod</arg>
<arg>footer_mod</arg>
</arguments>
<msg timestamp="20150721 10:01:36.244" level="INFO">${new_data_group} = None:name_mod:header_mod:footer_mod</msg>
<status starttime="20150721 10:01:36.244" endtime="20150721 10:01:36.244" status="PASS"></status>
</kw>
<kw type="kw" name="rf.AddressBook.Modify Group">
<doc></doc>
<arguments>
<arg>${source_group}</arg>
<arg>${new_data_group}</arg>
</arguments>
<status starttime="20150721 10:01:36.245" endtime="20150721 10:01:38.867" status="PASS"></status>
</kw>
<kw type="kw" name="${new_list} = rf.AddressBook.Get Group List">
<doc></doc>
<arguments>
</arguments>
<msg timestamp="20150721 10:01:38.869" level="INFO">${new_list} = [351:name_mod:header_mod:footer_mod]</msg>
<status starttime="20150721 10:01:38.868" endtime="20150721 10:01:38.869" status="PASS"></status>
</kw>
<kw type="kw" name="Collections.Set List Value">
<doc>Sets the value of `list` specified by `index` to the given `value`.</doc>
<arguments>
<arg>${old_list}</arg>
<arg>${index}</arg>
<arg>${new_data_group}</arg>
</arguments>
<status starttime="20150721 10:01:38.869" endtime="20150721 10:01:38.869" status="PASS"></status>
</kw>
<kw type="kw" name="rf.AddressBook.Group Lists Should Be Equal">
<doc></doc>
<arguments>
<arg>${new_list}</arg>
<arg>${old_list}</arg>
</arguments>
<status starttime="20150721 10:01:38.870" endtime="20150721 10:01:38.870" status="PASS"></status>
</kw>
<doc></doc>
<tags>
</tags>
<status starttime="20150721 10:01:36.240" endtime="20150721 10:01:38.871" critical="yes" status="PASS"></status>
</test>
<kw type="teardown" name="rf.AddressBook.Destroy Fixtures">
<doc></doc>
<arguments>
</arguments>
<status starttime="20150721 10:01:38.872" endtime="20150721 10:01:38.985" status="PASS"></status>
</kw>
<doc></doc>
<metadata>
</metadata>
<status starttime="20150721 10:01:25.876" endtime="20150721 10:01:38.985" status="PASS"></status>
</suite>
<statistics>
<total>
<stat pass="3" fail="0">Critical Tests</stat>
<stat pass="3" fail="0">All Tests</stat>
</total>
<tag>
</tag>
<suite>
<stat pass="3" id="s1" fail="0" name="Group Scenarios">Group Scenarios</stat>
</suite>
</statistics>
<errors>
</errors>
</robot>
